parse corpora_selected_txt/SupCo/rozhodnuti-Tpjn_302_2012.txt -> corpora_selected_conllu/SupCo/rozhodnuti-Tpjn_302_2012.conllu
parse corpora_selected_txt/SupCo/rozhodnuti-8_Tdo_599_2007.txt -> corpora_selected_conllu/SupCo/rozhodnuti-8_Tdo_599_2007.conllu
parse corpora_selected_txt/SupCo/rozhodnuti-8_Tdo_1115_2016.txt -> corpora_selected_conllu/SupCo/rozhodnuti-8_Tdo_1115_2016.conllu
parse corpora_selected_txt/SupCo/rozhodnuti-7_Tdo_825_2008.txt -> corpora_selected_conllu/SupCo/rozhodnuti-7_Tdo_825_2008.conllu
parse corpora_selected_txt/SupCo/rozhodnuti-7_Tdo_207_2011.txt -> corpora_selected_conllu/SupCo/rozhodnuti-7_Tdo_207_2011.conllu
parse corpora_selected_txt/SupCo/rozhodnuti-7_Tdo_1428_2013.txt -> corpora_selected_conllu/SupCo/rozhodnuti-7_Tdo_1428_2013.conllu
parse corpora_selected_txt/SupCo/rozhodnuti-6_Tdo_947_2006.txt -> corpora_selected_conllu/SupCo/rozhodnuti-6_Tdo_947_2006.conllu
parse corpora_selected_txt/SupCo/rozhodnuti-6_Tdo_847_2003.txt -> corpora_selected_conllu/SupCo/rozhodnuti-6_Tdo_847_2003.conllu
parse corpora_selected_txt/SupCo/rozhodnuti-6_Tdo_578_2012.txt -> corpora_selected_conllu/SupCo/rozhodnuti-6_Tdo_578_2012.conllu
parse corpora_selected_txt/SupCo/rozhodnuti-6_Tdo_520_2011.txt -> corpora_selected_conllu/SupCo/rozhodnuti-6_Tdo_520_2011.conllu
parse corpora_selected_txt/SupCo/rozhodnuti-6_Tdo_350_2005.txt -> corpora_selected_conllu/SupCo/rozhodnuti-6_Tdo_350_2005.conllu
parse corpora_selected_txt/SupCo/rozhodnuti-6_Tdo_322_2010.txt -> corpora_selected_conllu/SupCo/rozhodnuti-6_Tdo_322_2010.conllu
parse corpora_selected_txt/SupCo/rozhodnuti-6_Tdo_188_2005.txt -> corpora_selected_conllu/SupCo/rozhodnuti-6_Tdo_188_2005.conllu
parse corpora_selected_txt/SupCo/rozhodnuti-6_Tdo_1624_2008.txt -> corpora_selected_conllu/SupCo/rozhodnuti-6_Tdo_1624_2008.conllu
parse corpora_selected_txt/SupCo/rozhodnuti-6_Tdo_1424_2008.txt -> corpora_selected_conllu/SupCo/rozhodnuti-6_Tdo_1424_2008.conllu
parse corpora_selected_txt/SupCo/rozhodnuti-6_Tdo_1237_2007.txt -> corpora_selected_conllu/SupCo/rozhodnuti-6_Tdo_1237_2007.conllu
parse corpora_selected_txt/SupCo/rozhodnuti-5_Tdo_944_2013.txt -> corpora_selected_conllu/SupCo/rozhodnuti-5_Tdo_944_2013.conllu
parse corpora_selected_txt/SupCo/rozhodnuti-5_Tdo_438_2017.txt -> corpora_selected_conllu/SupCo/rozhodnuti-5_Tdo_438_2017.conllu
parse corpora_selected_txt/SupCo/rozhodnuti-5_Tdo_1595_2014.txt -> corpora_selected_conllu/SupCo/rozhodnuti-5_Tdo_1595_2014.conllu
parse corpora_selected_txt/SupCo/rozhodnuti-5_Tdo_1270_2017.txt -> corpora_selected_conllu/SupCo/rozhodnuti-5_Tdo_1270_2017.conllu
parse corpora_selected_txt/SupCo/rozhodnuti-4_Tz_51_2009.txt -> corpora_selected_conllu/SupCo/rozhodnuti-4_Tz_51_2009.conllu
parse corpora_selected_txt/SupCo/rozhodnuti-4_Tdo_268_2015.txt -> corpora_selected_conllu/SupCo/rozhodnuti-4_Tdo_268_2015.conllu
parse corpora_selected_txt/SupCo/rozhodnuti-4_Tdo_128_2014.txt -> corpora_selected_conllu/SupCo/rozhodnuti-4_Tdo_128_2014.conllu
parse corpora_selected_txt/SupCo/rozhodnuti-4_Tdo_1159_2011.txt -> corpora_selected_conllu/SupCo/rozhodnuti-4_Tdo_1159_2011.conllu
parse corpora_selected_txt/SupCo/rozhodnuti-33_Odo_541_2005.txt -> corpora_selected_conllu/SupCo/rozhodnuti-33_Odo_541_2005.conllu
parse corpora_selected_txt/SupCo/rozhodnuti-33_Cdo_5102_2015.txt -> corpora_selected_conllu/SupCo/rozhodnuti-33_Cdo_5102_2015.conllu
parse corpora_selected_txt/SupCo/rozhodnuti-33_Cdo_4601_2014.txt -> corpora_selected_conllu/SupCo/rozhodnuti-33_Cdo_4601_2014.conllu
parse corpora_selected_txt/SupCo/rozhodnuti-33_Cdo_3997_2014.txt -> corpora_selected_conllu/SupCo/rozhodnuti-33_Cdo_3997_2014.conllu
parse corpora_selected_txt/SupCo/rozhodnuti-33_Cdo_2924_2016.txt -> corpora_selected_conllu/SupCo/rozhodnuti-33_Cdo_2924_2016.conllu
parse corpora_selected_txt/SupCo/rozhodnuti-33_Cdo_276_2012.txt -> corpora_selected_conllu/SupCo/rozhodnuti-33_Cdo_276_2012.conllu
parse corpora_selected_txt/SupCo/rozhodnuti-33_Cdo_1232_2010.txt -> corpora_selected_conllu/SupCo/rozhodnuti-33_Cdo_1232_2010.conllu
parse corpora_selected_txt/SupCo/rozhodnuti-32_Odo_931_2002.txt -> corpora_selected_conllu/SupCo/rozhodnuti-32_Odo_931_2002.conllu
parse corpora_selected_txt/SupCo/rozhodnuti-32_Nd_80_2016.txt -> corpora_selected_conllu/SupCo/rozhodnuti-32_Nd_80_2016.conllu
parse corpora_selected_txt/SupCo/rozhodnuti-32_Cdo_626_2010.txt -> corpora_selected_conllu/SupCo/rozhodnuti-32_Cdo_626_2010.conllu
parse corpora_selected_txt/SupCo/rozhodnuti-32_Cdo_3718_2014.txt -> corpora_selected_conllu/SupCo/rozhodnuti-32_Cdo_3718_2014.conllu
parse corpora_selected_txt/SupCo/rozhodnuti-32_Cdo_3525_2016.txt -> corpora_selected_conllu/SupCo/rozhodnuti-32_Cdo_3525_2016.conllu
parse corpora_selected_txt/SupCo/rozhodnuti-32_Cdo_2485_2011.txt -> corpora_selected_conllu/SupCo/rozhodnuti-32_Cdo_2485_2011.conllu
parse corpora_selected_txt/SupCo/rozhodnuti-32_Cdo_2138_2016.txt -> corpora_selected_conllu/SupCo/rozhodnuti-32_Cdo_2138_2016.conllu
parse corpora_selected_txt/SupCo/rozhodnuti-32_Cdo_1917_2011.txt -> corpora_selected_conllu/SupCo/rozhodnuti-32_Cdo_1917_2011.conllu
parse corpora_selected_txt/SupCo/rozhodnuti-32_Cdo_1289_2017.txt -> corpora_selected_conllu/SupCo/rozhodnuti-32_Cdo_1289_2017.conllu
parse corpora_selected_txt/SupCo/rozhodnuti-32_Cdo_126_2014.txt -> corpora_selected_conllu/SupCo/rozhodnuti-32_Cdo_126_2014.conllu
parse corpora_selected_txt/SupCo/rozhodnuti-32_Cdo_111_2014.txt -> corpora_selected_conllu/SupCo/rozhodnuti-32_Cdo_111_2014.conllu
parse corpora_selected_txt/SupCo/rozhodnuti-32_Cdo_1024_2013.txt -> corpora_selected_conllu/SupCo/rozhodnuti-32_Cdo_1024_2013.conllu
parse corpora_selected_txt/SupCo/rozhodnuti-30_Nd_15_2018.txt -> corpora_selected_conllu/SupCo/rozhodnuti-30_Nd_15_2018.conllu
parse corpora_selected_txt/SupCo/rozhodnuti-30_Cdo_729_2011.txt -> corpora_selected_conllu/SupCo/rozhodnuti-30_Cdo_729_2011.conllu
parse corpora_selected_txt/SupCo/rozhodnuti-30_Cdo_610_2017.txt -> corpora_selected_conllu/SupCo/rozhodnuti-30_Cdo_610_2017.conllu
parse corpora_selected_txt/SupCo/rozhodnuti-30_Cdo_4890_2016.txt -> corpora_selected_conllu/SupCo/rozhodnuti-30_Cdo_4890_2016.conllu
parse corpora_selected_txt/SupCo/rozhodnuti-30_Cdo_4779_2016.txt -> corpora_selected_conllu/SupCo/rozhodnuti-30_Cdo_4779_2016.conllu
parse corpora_selected_txt/SupCo/rozhodnuti-30_Cdo_4472_2015.txt -> corpora_selected_conllu/SupCo/rozhodnuti-30_Cdo_4472_2015.conllu
parse corpora_selected_txt/SupCo/rozhodnuti-30_Cdo_4083_2010.txt -> corpora_selected_conllu/SupCo/rozhodnuti-30_Cdo_4083_2010.conllu
parse corpora_selected_txt/SupCo/rozhodnuti-30_Cdo_4051_2011.txt -> corpora_selected_conllu/SupCo/rozhodnuti-30_Cdo_4051_2011.conllu
parse corpora_selected_txt/SupCo/rozhodnuti-30_Cdo_3850_2014.txt -> corpora_selected_conllu/SupCo/rozhodnuti-30_Cdo_3850_2014.conllu
parse corpora_selected_txt/SupCo/rozhodnuti-30_Cdo_3550_2010.txt -> corpora_selected_conllu/SupCo/rozhodnuti-30_Cdo_3550_2010.conllu
parse corpora_selected_txt/SupCo/rozhodnuti-30_Cdo_3402_2009.txt -> corpora_selected_conllu/SupCo/rozhodnuti-30_Cdo_3402_2009.conllu
parse corpora_selected_txt/SupCo/rozhodnuti-30_Cdo_3353_2016.txt -> corpora_selected_conllu/SupCo/rozhodnuti-30_Cdo_3353_2016.conllu
parse corpora_selected_txt/SupCo/rozhodnuti-30_Cdo_3208_2013.txt -> corpora_selected_conllu/SupCo/rozhodnuti-30_Cdo_3208_2013.conllu
parse corpora_selected_txt/SupCo/rozhodnuti-30_Cdo_3038_2016.txt -> corpora_selected_conllu/SupCo/rozhodnuti-30_Cdo_3038_2016.conllu
parse corpora_selected_txt/SupCo/rozhodnuti-30_Cdo_2952_2010.txt -> corpora_selected_conllu/SupCo/rozhodnuti-30_Cdo_2952_2010.conllu
parse corpora_selected_txt/SupCo/rozhodnuti-30_Cdo_2753_2014.txt -> corpora_selected_conllu/SupCo/rozhodnuti-30_Cdo_2753_2014.conllu
parse corpora_selected_txt/SupCo/rozhodnuti-30_Cdo_2626_2018.txt -> corpora_selected_conllu/SupCo/rozhodnuti-30_Cdo_2626_2018.conllu
parse corpora_selected_txt/SupCo/rozhodnuti-30_Cdo_2585_2013.txt -> corpora_selected_conllu/SupCo/rozhodnuti-30_Cdo_2585_2013.conllu
parse corpora_selected_txt/SupCo/rozhodnuti-30_Cdo_1602_2004.txt -> corpora_selected_conllu/SupCo/rozhodnuti-30_Cdo_1602_2004.conllu
parse corpora_selected_txt/SupCo/rozhodnuti-30_Cdo_1101_2016.txt -> corpora_selected_conllu/SupCo/rozhodnuti-30_Cdo_1101_2016.conllu
parse corpora_selected_txt/SupCo/rozhodnuti-3_Tdo_754_2009.txt -> corpora_selected_conllu/SupCo/rozhodnuti-3_Tdo_754_2009.conllu
parse corpora_selected_txt/SupCo/rozhodnuti-3_Tdo_603_2015.txt -> corpora_selected_conllu/SupCo/rozhodnuti-3_Tdo_603_2015.conllu
parse corpora_selected_txt/SupCo/rozhodnuti-3_Tdo_602_2006.txt -> corpora_selected_conllu/SupCo/rozhodnuti-3_Tdo_602_2006.conllu
parse corpora_selected_txt/SupCo/rozhodnuti-3_Tdo_192_2017.txt -> corpora_selected_conllu/SupCo/rozhodnuti-3_Tdo_192_2017.conllu
parse corpora_selected_txt/SupCo/rozhodnuti-3_Tdo_1440_2015.txt -> corpora_selected_conllu/SupCo/rozhodnuti-3_Tdo_1440_2015.conllu
parse corpora_selected_txt/SupCo/rozhodnuti-3_Tdo_1372_2009.txt -> corpora_selected_conllu/SupCo/rozhodnuti-3_Tdo_1372_2009.conllu
parse corpora_selected_txt/SupCo/rozhodnuti-3_Tdo_1354_2009.txt -> corpora_selected_conllu/SupCo/rozhodnuti-3_Tdo_1354_2009.conllu
parse corpora_selected_txt/SupCo/rozhodnuti-3_Tdo_1105_2012.txt -> corpora_selected_conllu/SupCo/rozhodnuti-3_Tdo_1105_2012.conllu
parse corpora_selected_txt/SupCo/rozhodnuti-29_Nd_74_2015.txt -> corpora_selected_conllu/SupCo/rozhodnuti-29_Nd_74_2015.conllu
parse corpora_selected_txt/SupCo/rozhodnuti-29_NSCR_88_2015.txt -> corpora_selected_conllu/SupCo/rozhodnuti-29_NSCR_88_2015.conllu
parse corpora_selected_txt/SupCo/rozhodnuti-29_NSCR_132_2016.txt -> corpora_selected_conllu/SupCo/rozhodnuti-29_NSCR_132_2016.conllu
parse corpora_selected_txt/SupCo/rozhodnuti-29_ICdo_40_2017.txt -> corpora_selected_conllu/SupCo/rozhodnuti-29_ICdo_40_2017.conllu
parse corpora_selected_txt/SupCo/rozhodnuti-29_Cdo_539_2014.txt -> corpora_selected_conllu/SupCo/rozhodnuti-29_Cdo_539_2014.conllu
parse corpora_selected_txt/SupCo/rozhodnuti-29_Cdo_3952_2014.txt -> corpora_selected_conllu/SupCo/rozhodnuti-29_Cdo_3952_2014.conllu
parse corpora_selected_txt/SupCo/rozhodnuti-29_Cdo_3729_2010.txt -> corpora_selected_conllu/SupCo/rozhodnuti-29_Cdo_3729_2010.conllu
parse corpora_selected_txt/SupCo/rozhodnuti-29_Cdo_3444_2010.txt -> corpora_selected_conllu/SupCo/rozhodnuti-29_Cdo_3444_2010.conllu
parse corpora_selected_txt/SupCo/rozhodnuti-29_Cdo_3223_2010.txt -> corpora_selected_conllu/SupCo/rozhodnuti-29_Cdo_3223_2010.conllu
parse corpora_selected_txt/SupCo/rozhodnuti-29_Cdo_2565_2017.txt -> corpora_selected_conllu/SupCo/rozhodnuti-29_Cdo_2565_2017.conllu
parse corpora_selected_txt/SupCo/rozhodnuti-29_Cdo_17_2016.txt -> corpora_selected_conllu/SupCo/rozhodnuti-29_Cdo_17_2016.conllu
parse corpora_selected_txt/SupCo/rozhodnuti-29_Cdo_1457_2016.txt -> corpora_selected_conllu/SupCo/rozhodnuti-29_Cdo_1457_2016.conllu
parse corpora_selected_txt/SupCo/rozhodnuti-28_Cdo_4714_2009.txt -> corpora_selected_conllu/SupCo/rozhodnuti-28_Cdo_4714_2009.conllu
parse corpora_selected_txt/SupCo/rozhodnuti-28_Cdo_4478_2016.txt -> corpora_selected_conllu/SupCo/rozhodnuti-28_Cdo_4478_2016.conllu
parse corpora_selected_txt/SupCo/rozhodnuti-28_Cdo_374_2007.txt -> corpora_selected_conllu/SupCo/rozhodnuti-28_Cdo_374_2007.conllu
parse corpora_selected_txt/SupCo/rozhodnuti-28_Cdo_3592_2012.txt -> corpora_selected_conllu/SupCo/rozhodnuti-28_Cdo_3592_2012.conllu
parse corpora_selected_txt/SupCo/rozhodnuti-28_Cdo_2827_2013.txt -> corpora_selected_conllu/SupCo/rozhodnuti-28_Cdo_2827_2013.conllu
parse corpora_selected_txt/SupCo/rozhodnuti-28_Cdo_1444_2002.txt -> corpora_selected_conllu/SupCo/rozhodnuti-28_Cdo_1444_2002.conllu
parse corpora_selected_txt/SupCo/rozhodnuti-28_Cdo_1353_2008.txt -> corpora_selected_conllu/SupCo/rozhodnuti-28_Cdo_1353_2008.conllu
parse corpora_selected_txt/SupCo/rozhodnuti-28_Cdo_123_2005.txt -> corpora_selected_conllu/SupCo/rozhodnuti-28_Cdo_123_2005.conllu
parse corpora_selected_txt/SupCo/rozhodnuti-26_Cdo_5410_2016.txt -> corpora_selected_conllu/SupCo/rozhodnuti-26_Cdo_5410_2016.conllu
parse corpora_selected_txt/SupCo/rozhodnuti-26_Cdo_533_2004.txt -> corpora_selected_conllu/SupCo/rozhodnuti-26_Cdo_533_2004.conllu
parse corpora_selected_txt/SupCo/rozhodnuti-26_Cdo_4831_2008.txt -> corpora_selected_conllu/SupCo/rozhodnuti-26_Cdo_4831_2008.conllu
parse corpora_selected_txt/SupCo/rozhodnuti-26_Cdo_4684_2016.txt -> corpora_selected_conllu/SupCo/rozhodnuti-26_Cdo_4684_2016.conllu
parse corpora_selected_txt/SupCo/rozhodnuti-26_Cdo_4590_2009.txt -> corpora_selected_conllu/SupCo/rozhodnuti-26_Cdo_4590_2009.conllu
parse corpora_selected_txt/SupCo/rozhodnuti-26_Cdo_4239_2009.txt -> corpora_selected_conllu/SupCo/rozhodnuti-26_Cdo_4239_2009.conllu
parse corpora_selected_txt/SupCo/rozhodnuti-26_Cdo_412_2005.txt -> corpora_selected_conllu/SupCo/rozhodnuti-26_Cdo_412_2005.conllu
parse corpora_selected_txt/SupCo/rozhodnuti-26_Cdo_4077_2008.txt -> corpora_selected_conllu/SupCo/rozhodnuti-26_Cdo_4077_2008.conllu
parse corpora_selected_txt/SupCo/rozhodnuti-26_Cdo_3861_2016.txt -> corpora_selected_conllu/SupCo/rozhodnuti-26_Cdo_3861_2016.conllu
parse corpora_selected_txt/SupCo/rozhodnuti-26_Cdo_3702_2009.txt -> corpora_selected_conllu/SupCo/rozhodnuti-26_Cdo_3702_2009.conllu
parse corpora_selected_txt/SupCo/rozhodnuti-26_Cdo_3662_2007.txt -> corpora_selected_conllu/SupCo/rozhodnuti-26_Cdo_3662_2007.conllu
parse corpora_selected_txt/SupCo/rozhodnuti-26_Cdo_3502_2012.txt -> corpora_selected_conllu/SupCo/rozhodnuti-26_Cdo_3502_2012.conllu
parse corpora_selected_txt/SupCo/rozhodnuti-26_Cdo_2147_2016.txt -> corpora_selected_conllu/SupCo/rozhodnuti-26_Cdo_2147_2016.conllu
parse corpora_selected_txt/SupCo/rozhodnuti-26_Cdo_2071_2005.txt -> corpora_selected_conllu/SupCo/rozhodnuti-26_Cdo_2071_2005.conllu
parse corpora_selected_txt/SupCo/rozhodnuti-26_Cdo_1164_2011.txt -> corpora_selected_conllu/SupCo/rozhodnuti-26_Cdo_1164_2011.conllu
parse corpora_selected_txt/SupCo/rozhodnuti-25_Cdo_4414_2016.txt -> corpora_selected_conllu/SupCo/rozhodnuti-25_Cdo_4414_2016.conllu
parse corpora_selected_txt/SupCo/rozhodnuti-25_Cdo_3674_2014.txt -> corpora_selected_conllu/SupCo/rozhodnuti-25_Cdo_3674_2014.conllu
parse corpora_selected_txt/SupCo/rozhodnuti-25_Cdo_339_2005.txt -> corpora_selected_conllu/SupCo/rozhodnuti-25_Cdo_339_2005.conllu
parse corpora_selected_txt/SupCo/rozhodnuti-25_Cdo_2682_2005.txt -> corpora_selected_conllu/SupCo/rozhodnuti-25_Cdo_2682_2005.conllu
parse corpora_selected_txt/SupCo/rozhodnuti-25_Cdo_2345_2006.txt -> corpora_selected_conllu/SupCo/rozhodnuti-25_Cdo_2345_2006.conllu
parse corpora_selected_txt/SupCo/rozhodnuti-25_Cdo_1088_2015.txt -> corpora_selected_conllu/SupCo/rozhodnuti-25_Cdo_1088_2015.conllu
parse corpora_selected_txt/SupCo/rozhodnuti-23_Cdo_7_2013.txt -> corpora_selected_conllu/SupCo/rozhodnuti-23_Cdo_7_2013.conllu
parse corpora_selected_txt/SupCo/rozhodnuti-23_Cdo_5658_2017.txt -> corpora_selected_conllu/SupCo/rozhodnuti-23_Cdo_5658_2017.conllu
parse corpora_selected_txt/SupCo/rozhodnuti-23_Cdo_3575_2011.txt -> corpora_selected_conllu/SupCo/rozhodnuti-23_Cdo_3575_2011.conllu
parse corpora_selected_txt/SupCo/rozhodnuti-23_Cdo_3140_2010.txt -> corpora_selected_conllu/SupCo/rozhodnuti-23_Cdo_3140_2010.conllu
parse corpora_selected_txt/SupCo/rozhodnuti-23_Cdo_3064_2011.txt -> corpora_selected_conllu/SupCo/rozhodnuti-23_Cdo_3064_2011.conllu
parse corpora_selected_txt/SupCo/rozhodnuti-23_Cdo_2919_2011.txt -> corpora_selected_conllu/SupCo/rozhodnuti-23_Cdo_2919_2011.conllu
parse corpora_selected_txt/SupCo/rozhodnuti-22_Cdo_515_2004.txt -> corpora_selected_conllu/SupCo/rozhodnuti-22_Cdo_515_2004.conllu
parse corpora_selected_txt/SupCo/rozhodnuti-22_Cdo_3565_2013.txt -> corpora_selected_conllu/SupCo/rozhodnuti-22_Cdo_3565_2013.conllu
parse corpora_selected_txt/SupCo/rozhodnuti-22_Cdo_3533_2013.txt -> corpora_selected_conllu/SupCo/rozhodnuti-22_Cdo_3533_2013.conllu
parse corpora_selected_txt/SupCo/rozhodnuti-22_Cdo_308_2017.txt -> corpora_selected_conllu/SupCo/rozhodnuti-22_Cdo_308_2017.conllu
parse corpora_selected_txt/SupCo/rozhodnuti-22_Cdo_2338_2006.txt -> corpora_selected_conllu/SupCo/rozhodnuti-22_Cdo_2338_2006.conllu
parse corpora_selected_txt/SupCo/rozhodnuti-22_Cdo_2233_2005.txt -> corpora_selected_conllu/SupCo/rozhodnuti-22_Cdo_2233_2005.conllu
parse corpora_selected_txt/SupCo/rozhodnuti-22_Cdo_1929_2006.txt -> corpora_selected_conllu/SupCo/rozhodnuti-22_Cdo_1929_2006.conllu
parse corpora_selected_txt/SupCo/rozhodnuti-22_Cdo_1536_2011.txt -> corpora_selected_conllu/SupCo/rozhodnuti-22_Cdo_1536_2011.conllu
parse corpora_selected_txt/SupCo/rozhodnuti-22_Cdo_1455_2008.txt -> corpora_selected_conllu/SupCo/rozhodnuti-22_Cdo_1455_2008.conllu
parse corpora_selected_txt/SupCo/rozhodnuti-22_Cdo_1236_2001.txt -> corpora_selected_conllu/SupCo/rozhodnuti-22_Cdo_1236_2001.conllu
parse corpora_selected_txt/SupCo/rozhodnuti-21_Cdo_4110_2014.txt -> corpora_selected_conllu/SupCo/rozhodnuti-21_Cdo_4110_2014.conllu
parse corpora_selected_txt/SupCo/rozhodnuti-21_Cdo_3926_2013.txt -> corpora_selected_conllu/SupCo/rozhodnuti-21_Cdo_3926_2013.conllu
parse corpora_selected_txt/SupCo/rozhodnuti-21_Cdo_1686_2016.txt -> corpora_selected_conllu/SupCo/rozhodnuti-21_Cdo_1686_2016.conllu
parse corpora_selected_txt/SupCo/rozhodnuti-20_Cdo_6090_2017.txt -> corpora_selected_conllu/SupCo/rozhodnuti-20_Cdo_6090_2017.conllu
parse corpora_selected_txt/SupCo/rozhodnuti-20_Cdo_556_2010.txt -> corpora_selected_conllu/SupCo/rozhodnuti-20_Cdo_556_2010.conllu
parse corpora_selected_txt/SupCo/rozhodnuti-20_Cdo_5527_2007.txt -> corpora_selected_conllu/SupCo/rozhodnuti-20_Cdo_5527_2007.conllu
parse corpora_selected_txt/SupCo/rozhodnuti-20_Cdo_5011_2007.txt -> corpora_selected_conllu/SupCo/rozhodnuti-20_Cdo_5011_2007.conllu
parse corpora_selected_txt/SupCo/rozhodnuti-20_Cdo_4907_2008.txt -> corpora_selected_conllu/SupCo/rozhodnuti-20_Cdo_4907_2008.conllu
parse corpora_selected_txt/SupCo/rozhodnuti-20_Cdo_4858_2010.txt -> corpora_selected_conllu/SupCo/rozhodnuti-20_Cdo_4858_2010.conllu
parse corpora_selected_txt/SupCo/rozhodnuti-20_Cdo_3541_2016.txt -> corpora_selected_conllu/SupCo/rozhodnuti-20_Cdo_3541_2016.conllu
parse corpora_selected_txt/SupCo/rozhodnuti-20_Cdo_2325_2011.txt -> corpora_selected_conllu/SupCo/rozhodnuti-20_Cdo_2325_2011.conllu
parse corpora_selected_txt/SupCo/rozhodnuti-11_Tdo_732_2005.txt -> corpora_selected_conllu/SupCo/rozhodnuti-11_Tdo_732_2005.conllu
parse corpora_selected_txt/SupCo/rozhodnuti-8_Tdo_1036_2006.txt -> corpora_selected_conllu/SupCo/rozhodnuti-8_Tdo_1036_2006.conllu
parse corpora_selected_txt/SupCo/rozhodnuti-7_Tdo_89_2003.txt -> corpora_selected_conllu/SupCo/rozhodnuti-7_Tdo_89_2003.conllu
parse corpora_selected_txt/SupCo/rozhodnuti-7_Tdo_673_2002.txt -> corpora_selected_conllu/SupCo/rozhodnuti-7_Tdo_673_2002.conllu
parse corpora_selected_txt/SupCo/rozhodnuti-7_Tdo_595_2002.txt -> corpora_selected_conllu/SupCo/rozhodnuti-7_Tdo_595_2002.conllu
parse corpora_selected_txt/SupCo/rozhodnuti-7_Tdo_288_2002.txt -> corpora_selected_conllu/SupCo/rozhodnuti-7_Tdo_288_2002.conllu
parse corpora_selected_txt/SupCo/rozhodnuti-7_Tdo_1531_2015.txt -> corpora_selected_conllu/SupCo/rozhodnuti-7_Tdo_1531_2015.conllu
parse corpora_selected_txt/SupCo/rozhodnuti-7_Tdo_1166_2013.txt -> corpora_selected_conllu/SupCo/rozhodnuti-7_Tdo_1166_2013.conllu
parse corpora_selected_txt/SupCo/rozhodnuti-7_Tdo_1127_2006.txt -> corpora_selected_conllu/SupCo/rozhodnuti-7_Tdo_1127_2006.conllu
parse corpora_selected_txt/SupCo/rozhodnuti-6_Tdo_65_2018.txt -> corpora_selected_conllu/SupCo/rozhodnuti-6_Tdo_65_2018.conllu
parse corpora_selected_txt/SupCo/rozhodnuti-6_Tdo_415_2003.txt -> corpora_selected_conllu/SupCo/rozhodnuti-6_Tdo_415_2003.conllu
parse corpora_selected_txt/SupCo/rozhodnuti-5_Tdo_579_2007.txt -> corpora_selected_conllu/SupCo/rozhodnuti-5_Tdo_579_2007.conllu
parse corpora_selected_txt/SupCo/rozhodnuti-5_Tdo_431_2002.txt -> corpora_selected_conllu/SupCo/rozhodnuti-5_Tdo_431_2002.conllu
parse corpora_selected_txt/SupCo/rozhodnuti-5_Tdo_250_2006.txt -> corpora_selected_conllu/SupCo/rozhodnuti-5_Tdo_250_2006.conllu
parse corpora_selected_txt/SupCo/rozhodnuti-4_Tz_166_2005.txt -> corpora_selected_conllu/SupCo/rozhodnuti-4_Tz_166_2005.conllu
parse corpora_selected_txt/SupCo/rozhodnuti-4_To_400_2010.txt -> corpora_selected_conllu/SupCo/rozhodnuti-4_To_400_2010.conllu
parse corpora_selected_txt/SupCo/rozhodnuti-4_Nd_4_2011.txt -> corpora_selected_conllu/SupCo/rozhodnuti-4_Nd_4_2011.conllu
parse corpora_selected_txt/SupCo/rozhodnuti-4_Nd_157_2009.txt -> corpora_selected_conllu/SupCo/rozhodnuti-4_Nd_157_2009.conllu
parse corpora_selected_txt/SupCo/rozhodnuti-4_Nd_108_2009.txt -> corpora_selected_conllu/SupCo/rozhodnuti-4_Nd_108_2009.conllu
parse corpora_selected_txt/SupCo/rozhodnuti-33_Odo_975_2005.txt -> corpora_selected_conllu/SupCo/rozhodnuti-33_Odo_975_2005.conllu
parse corpora_selected_txt/SupCo/rozhodnuti-33_Odo_826_2003.txt -> corpora_selected_conllu/SupCo/rozhodnuti-33_Odo_826_2003.conllu
parse corpora_selected_txt/SupCo/rozhodnuti-33_Odo_137_2004.txt -> corpora_selected_conllu/SupCo/rozhodnuti-33_Odo_137_2004.conllu
parse corpora_selected_txt/SupCo/rozhodnuti-33_Cdo_761_2014.txt -> corpora_selected_conllu/SupCo/rozhodnuti-33_Cdo_761_2014.conllu
parse corpora_selected_txt/SupCo/rozhodnuti-33_Cdo_3846_2009.txt -> corpora_selected_conllu/SupCo/rozhodnuti-33_Cdo_3846_2009.conllu
parse corpora_selected_txt/SupCo/rozhodnuti-32_Odo_563_2002.txt -> corpora_selected_conllu/SupCo/rozhodnuti-32_Odo_563_2002.conllu
parse corpora_selected_txt/SupCo/rozhodnuti-32_Odo_529_2004.txt -> corpora_selected_conllu/SupCo/rozhodnuti-32_Odo_529_2004.conllu
parse corpora_selected_txt/SupCo/rozhodnuti-32_Odo_210_2004.txt -> corpora_selected_conllu/SupCo/rozhodnuti-32_Odo_210_2004.conllu
parse corpora_selected_txt/SupCo/rozhodnuti-32_Odo_174_2006.txt -> corpora_selected_conllu/SupCo/rozhodnuti-32_Odo_174_2006.conllu
parse corpora_selected_txt/SupCo/rozhodnuti-32_Cdo_4890_2007.txt -> corpora_selected_conllu/SupCo/rozhodnuti-32_Cdo_4890_2007.conllu
parse corpora_selected_txt/SupCo/rozhodnuti-32_Cdo_4722_2014.txt -> corpora_selected_conllu/SupCo/rozhodnuti-32_Cdo_4722_2014.conllu
parse corpora_selected_txt/SupCo/rozhodnuti-32_Cdo_2528_2008.txt -> corpora_selected_conllu/SupCo/rozhodnuti-32_Cdo_2528_2008.conllu
parse corpora_selected_txt/SupCo/rozhodnuti-32_Cdo_2081_2008.txt -> corpora_selected_conllu/SupCo/rozhodnuti-32_Cdo_2081_2008.conllu
parse corpora_selected_txt/SupCo/rozhodnuti-31_Cdo_4356_2008.txt -> corpora_selected_conllu/SupCo/rozhodnuti-31_Cdo_4356_2008.conllu
parse corpora_selected_txt/SupCo/rozhodnuti-30_Cdo_5503_2017.txt -> corpora_selected_conllu/SupCo/rozhodnuti-30_Cdo_5503_2017.conllu
parse corpora_selected_txt/SupCo/rozhodnuti-30_Cdo_5267_2016.txt -> corpora_selected_conllu/SupCo/rozhodnuti-30_Cdo_5267_2016.conllu
parse corpora_selected_txt/SupCo/rozhodnuti-30_Cdo_422_2003.txt -> corpora_selected_conllu/SupCo/rozhodnuti-30_Cdo_422_2003.conllu
parse corpora_selected_txt/SupCo/rozhodnuti-30_Cdo_3598_2011.txt -> corpora_selected_conllu/SupCo/rozhodnuti-30_Cdo_3598_2011.conllu
parse corpora_selected_txt/SupCo/rozhodnuti-30_Cdo_2141_2009.txt -> corpora_selected_conllu/SupCo/rozhodnuti-30_Cdo_2141_2009.conllu
parse corpora_selected_txt/SupCo/rozhodnuti-30_Cdo_1997_2002.txt -> corpora_selected_conllu/SupCo/rozhodnuti-30_Cdo_1997_2002.conllu
parse corpora_selected_txt/SupCo/rozhodnuti-3_Tvo_3_2001.txt -> corpora_selected_conllu/SupCo/rozhodnuti-3_Tvo_3_2001.conllu
parse corpora_selected_txt/SupCo/rozhodnuti-3_Tdo_633_2013.txt -> corpora_selected_conllu/SupCo/rozhodnuti-3_Tdo_633_2013.conllu
parse corpora_selected_txt/SupCo/rozhodnuti-3_Tdo_613_2011.txt -> corpora_selected_conllu/SupCo/rozhodnuti-3_Tdo_613_2011.conllu
parse corpora_selected_txt/SupCo/rozhodnuti-3_Tdo_1598_2005.txt -> corpora_selected_conllu/SupCo/rozhodnuti-3_Tdo_1598_2005.conllu
parse corpora_selected_txt/SupCo/rozhodnuti-29_Odo_528_2001.txt -> corpora_selected_conllu/SupCo/rozhodnuti-29_Odo_528_2001.conllu
parse corpora_selected_txt/SupCo/rozhodnuti-29_Odo_444_2001.txt -> corpora_selected_conllu/SupCo/rozhodnuti-29_Odo_444_2001.conllu
parse corpora_selected_txt/SupCo/rozhodnuti-29_Odo_435_2001.txt -> corpora_selected_conllu/SupCo/rozhodnuti-29_Odo_435_2001.conllu
parse corpora_selected_txt/SupCo/rozhodnuti-29_Odo_356_2006.txt -> corpora_selected_conllu/SupCo/rozhodnuti-29_Odo_356_2006.conllu
parse corpora_selected_txt/SupCo/rozhodnuti-29_Od_44_2006.txt -> corpora_selected_conllu/SupCo/rozhodnuti-29_Od_44_2006.conllu
parse corpora_selected_txt/SupCo/rozhodnuti-29_NSCR_59_2011.txt -> corpora_selected_conllu/SupCo/rozhodnuti-29_NSCR_59_2011.conllu
parse corpora_selected_txt/SupCo/rozhodnuti-29_NSCR_169_2016.txt -> corpora_selected_conllu/SupCo/rozhodnuti-29_NSCR_169_2016.conllu
parse corpora_selected_txt/SupCo/rozhodnuti-29_Cdo_766_99.txt -> corpora_selected_conllu/SupCo/rozhodnuti-29_Cdo_766_99.conllu
parse corpora_selected_txt/SupCo/rozhodnuti-29_Cdo_5168_2009.txt -> corpora_selected_conllu/SupCo/rozhodnuti-29_Cdo_5168_2009.conllu
parse corpora_selected_txt/SupCo/rozhodnuti-29_Cdo_3419_2008.txt -> corpora_selected_conllu/SupCo/rozhodnuti-29_Cdo_3419_2008.conllu
parse corpora_selected_txt/SupCo/rozhodnuti-29_Cdo_2830_2000.txt -> corpora_selected_conllu/SupCo/rozhodnuti-29_Cdo_2830_2000.conllu
parse corpora_selected_txt/SupCo/rozhodnuti-29_Cdo_2585_2010.txt -> corpora_selected_conllu/SupCo/rozhodnuti-29_Cdo_2585_2010.conllu
parse corpora_selected_txt/SupCo/rozhodnuti-29_Cdo_2119_2000.txt -> corpora_selected_conllu/SupCo/rozhodnuti-29_Cdo_2119_2000.conllu
parse corpora_selected_txt/SupCo/rozhodnuti-28_Nd_278_2007.txt -> corpora_selected_conllu/SupCo/rozhodnuti-28_Nd_278_2007.conllu
parse corpora_selected_txt/SupCo/rozhodnuti-28_Ncu_76_2017.txt -> corpora_selected_conllu/SupCo/rozhodnuti-28_Ncu_76_2017.conllu
parse corpora_selected_txt/SupCo/rozhodnuti-28_Cdo_931_2002.txt -> corpora_selected_conllu/SupCo/rozhodnuti-28_Cdo_931_2002.conllu
parse corpora_selected_txt/SupCo/rozhodnuti-28_Cdo_527_2013.txt -> corpora_selected_conllu/SupCo/rozhodnuti-28_Cdo_527_2013.conllu
parse corpora_selected_txt/SupCo/rozhodnuti-28_Cdo_5078_2009.txt -> corpora_selected_conllu/SupCo/rozhodnuti-28_Cdo_5078_2009.conllu
parse corpora_selected_txt/SupCo/rozhodnuti-28_Cdo_2281_2005.txt -> corpora_selected_conllu/SupCo/rozhodnuti-28_Cdo_2281_2005.conllu
parse corpora_selected_txt/SupCo/rozhodnuti-28_Cdo_2272_2002.txt -> corpora_selected_conllu/SupCo/rozhodnuti-28_Cdo_2272_2002.conllu
parse corpora_selected_txt/SupCo/rozhodnuti-28_Cdo_2086_2006.txt -> corpora_selected_conllu/SupCo/rozhodnuti-28_Cdo_2086_2006.conllu
parse corpora_selected_txt/SupCo/rozhodnuti-28_Cdo_1339_2007.txt -> corpora_selected_conllu/SupCo/rozhodnuti-28_Cdo_1339_2007.conllu
parse corpora_selected_txt/SupCo/rozhodnuti-28_Cdo_1259_2005.txt -> corpora_selected_conllu/SupCo/rozhodnuti-28_Cdo_1259_2005.conllu
parse corpora_selected_txt/SupCo/rozhodnuti-26_Nd_88_2014.txt -> corpora_selected_conllu/SupCo/rozhodnuti-26_Nd_88_2014.conllu
parse corpora_selected_txt/SupCo/rozhodnuti-26_Nd_262_2007.txt -> corpora_selected_conllu/SupCo/rozhodnuti-26_Nd_262_2007.conllu
parse corpora_selected_txt/SupCo/rozhodnuti-26_Co_632_2005.txt -> corpora_selected_conllu/SupCo/rozhodnuti-26_Co_632_2005.conllu
parse corpora_selected_txt/SupCo/rozhodnuti-25_Cdo_3115_2006.txt -> corpora_selected_conllu/SupCo/rozhodnuti-25_Cdo_3115_2006.conllu
parse corpora_selected_txt/SupCo/rozhodnuti-25_Cdo_2709_2005.txt -> corpora_selected_conllu/SupCo/rozhodnuti-25_Cdo_2709_2005.conllu
parse corpora_selected_txt/SupCo/rozhodnuti-25_Cdo_207_2001.txt -> corpora_selected_conllu/SupCo/rozhodnuti-25_Cdo_207_2001.conllu
parse corpora_selected_txt/SupCo/rozhodnuti-25_Cdo_1319_2004.txt -> corpora_selected_conllu/SupCo/rozhodnuti-25_Cdo_1319_2004.conllu
parse corpora_selected_txt/SupCo/rozhodnuti-23_Cdo_5124_2009.txt -> corpora_selected_conllu/SupCo/rozhodnuti-23_Cdo_5124_2009.conllu
parse corpora_selected_txt/SupCo/rozhodnuti-22_Cdo_97_2004.txt -> corpora_selected_conllu/SupCo/rozhodnuti-22_Cdo_97_2004.conllu
parse corpora_selected_txt/SupCo/rozhodnuti-21_Nd_253_2017.txt -> corpora_selected_conllu/SupCo/rozhodnuti-21_Nd_253_2017.conllu
parse corpora_selected_txt/SupCo/rozhodnuti-21_Cdo_797_2005.txt -> corpora_selected_conllu/SupCo/rozhodnuti-21_Cdo_797_2005.conllu
parse corpora_selected_txt/SupCo/rozhodnuti-21_Cdo_555_2005.txt -> corpora_selected_conllu/SupCo/rozhodnuti-21_Cdo_555_2005.conllu
parse corpora_selected_txt/SupCo/rozhodnuti-21_Cdo_5172_2008.txt -> corpora_selected_conllu/SupCo/rozhodnuti-21_Cdo_5172_2008.conllu
parse corpora_selected_txt/SupCo/rozhodnuti-21_Cdo_2877_2006.txt -> corpora_selected_conllu/SupCo/rozhodnuti-21_Cdo_2877_2006.conllu
parse corpora_selected_txt/SupCo/rozhodnuti-21_Cdo_2823_2011.txt -> corpora_selected_conllu/SupCo/rozhodnuti-21_Cdo_2823_2011.conllu
parse corpora_selected_txt/SupCo/rozhodnuti-21_Cdo_2754_2014.txt -> corpora_selected_conllu/SupCo/rozhodnuti-21_Cdo_2754_2014.conllu
parse corpora_selected_txt/SupCo/rozhodnuti-21_Cdo_2608_2005.txt -> corpora_selected_conllu/SupCo/rozhodnuti-21_Cdo_2608_2005.conllu
parse corpora_selected_txt/SupCo/rozhodnuti-21_Cdo_2169_2002.txt -> corpora_selected_conllu/SupCo/rozhodnuti-21_Cdo_2169_2002.conllu
parse corpora_selected_txt/SupCo/rozhodnuti-21_Cdo_2133_2000.txt -> corpora_selected_conllu/SupCo/rozhodnuti-21_Cdo_2133_2000.conllu
parse corpora_selected_txt/SupCo/rozhodnuti-21_Cdo_1679_2006.txt -> corpora_selected_conllu/SupCo/rozhodnuti-21_Cdo_1679_2006.conllu
parse corpora_selected_txt/SupCo/rozhodnuti-21_Cdo_129_2005.txt -> corpora_selected_conllu/SupCo/rozhodnuti-21_Cdo_129_2005.conllu
parse corpora_selected_txt/SupCo/rozhodnuti-21_Cdo_1233_2008.txt -> corpora_selected_conllu/SupCo/rozhodnuti-21_Cdo_1233_2008.conllu
parse corpora_selected_txt/SupCo/rozhodnuti-20_Cdo_97_2010.txt -> corpora_selected_conllu/SupCo/rozhodnuti-20_Cdo_97_2010.conllu
parse corpora_selected_txt/SupCo/rozhodnuti-20_Cdo_776_2005.txt -> corpora_selected_conllu/SupCo/rozhodnuti-20_Cdo_776_2005.conllu
parse corpora_selected_txt/SupCo/rozhodnuti-20_Cdo_689_2016.txt -> corpora_selected_conllu/SupCo/rozhodnuti-20_Cdo_689_2016.conllu
parse corpora_selected_txt/SupCo/rozhodnuti-20_Cdo_384_2007.txt -> corpora_selected_conllu/SupCo/rozhodnuti-20_Cdo_384_2007.conllu
parse corpora_selected_txt/SupCo/rozhodnuti-20_Cdo_2736_2006.txt -> corpora_selected_conllu/SupCo/rozhodnuti-20_Cdo_2736_2006.conllu
parse corpora_selected_txt/SupCo/rozhodnuti-20_Cdo_1781_2007.txt -> corpora_selected_conllu/SupCo/rozhodnuti-20_Cdo_1781_2007.conllu
parse corpora_selected_txt/SupCo/rozhodnuti-20_Cdo_1737_2008.txt -> corpora_selected_conllu/SupCo/rozhodnuti-20_Cdo_1737_2008.conllu
parse corpora_selected_txt/SupCo/rozhodnuti-20_Cdo_164_2012.txt -> corpora_selected_conllu/SupCo/rozhodnuti-20_Cdo_164_2012.conllu
parse corpora_selected_txt/SupCo/rozhodnuti-20_Cdo_1577_2013.txt -> corpora_selected_conllu/SupCo/rozhodnuti-20_Cdo_1577_2013.conllu
parse corpora_selected_txt/SupCo/rozhodnuti-13_To_325_2003.txt -> corpora_selected_conllu/SupCo/rozhodnuti-13_To_325_2003.conllu
parse corpora_selected_txt/SupCo/rozhodnuti-11_Zp_31_99.txt -> corpora_selected_conllu/SupCo/rozhodnuti-11_Zp_31_99.conllu
parse corpora_selected_txt/SupCo/rozhodnuti-11_Tvo_58_2005.txt -> corpora_selected_conllu/SupCo/rozhodnuti-11_Tvo_58_2005.conllu
parse corpora_selected_txt/SupCo/rozhodnuti-11_Tdo_1467_2003.txt -> corpora_selected_conllu/SupCo/rozhodnuti-11_Tdo_1467_2003.conllu
parse corpora_selected_txt/SupCo/rozhodnuti-11_Tcu_33_2006.txt -> corpora_selected_conllu/SupCo/rozhodnuti-11_Tcu_33_2006.conllu
parse corpora_selected_txt/SupCo/rozhodnuti-11_Tcu_28_2016.txt -> corpora_selected_conllu/SupCo/rozhodnuti-11_Tcu_28_2016.conllu
parse corpora_selected_txt/SupCo/rozhodnuti-11_Tcu_22_2004.txt -> corpora_selected_conllu/SupCo/rozhodnuti-11_Tcu_22_2004.conllu
parse corpora_selected_txt/SupCo/rozhodnuti-11_Tcu_172_2014.txt -> corpora_selected_conllu/SupCo/rozhodnuti-11_Tcu_172_2014.conllu
parse corpora_selected_txt/SupCo/rozhodnuti-11_Tcu_10_2010.txt -> corpora_selected_conllu/SupCo/rozhodnuti-11_Tcu_10_2010.conllu
