parse corpora_selected_txt/SupAdmCo/0008_0Vol_1700010_20171108130132_prevedeno.txt -> corpora_selected_conllu/SupAdmCo/0008_0Vol_1700010_20171108130132_prevedeno.conllu
parse corpora_selected_txt/SupAdmCo/0071_0Vol_1700007_20171111143431_prevedeno.txt -> corpora_selected_conllu/SupAdmCo/0071_0Vol_1700007_20171111143431_prevedeno.conllu
parse corpora_selected_txt/SupAdmCo/0042_0Vol_1800024_20180221103216_20180221212014_prevedeno.txt -> corpora_selected_conllu/SupAdmCo/0042_0Vol_1800024_20180221103216_20180221212014_prevedeno.conllu
parse corpora_selected_txt/SupAdmCo/0004_0Vol_120_20121114080822_prevedeno.txt -> corpora_selected_conllu/SupAdmCo/0004_0Vol_120_20121114080822_prevedeno.conllu
parse corpora_selected_txt/SupAdmCo/0128_0Nao_140_20140403134701_prevedeno.txt -> corpora_selected_conllu/SupAdmCo/0128_0Nao_140_20140403134701_prevedeno.conllu
parse corpora_selected_txt/SupAdmCo/0106_0Nao_0800076A_prevedeno.txt -> corpora_selected_conllu/SupAdmCo/0106_0Nao_0800076A_prevedeno.conllu
parse corpora_selected_txt/SupAdmCo/0162_0Nad_1500010_20150622093843_prevedeno.txt -> corpora_selected_conllu/SupAdmCo/0162_0Nad_1500010_20150622093843_prevedeno.conllu
parse corpora_selected_txt/SupAdmCo/0024_0Konf1600019_20170316145446_prevedeno.txt -> corpora_selected_conllu/SupAdmCo/0024_0Konf1600019_20170316145446_prevedeno.conllu
parse corpora_selected_txt/SupAdmCo/0092_9As__1600077_20161103131451_prevedeno.txt -> corpora_selected_conllu/SupAdmCo/0092_9As__1600077_20161103131451_prevedeno.conllu
parse corpora_selected_txt/SupAdmCo/0023_9As__0900_b28fe45a_e9d1_46a9_a8df_adf83e428e66_prevedeno.txt -> corpora_selected_conllu/SupAdmCo/0023_9As__0900_b28fe45a_e9d1_46a9_a8df_adf83e428e66_prevedeno.conllu
parse corpora_selected_txt/SupAdmCo/0155_9As__1400032_20141121075230_prevedeno.txt -> corpora_selected_conllu/SupAdmCo/0155_9As__1400032_20141121075230_prevedeno.conllu
parse corpora_selected_txt/SupAdmCo/0061_8As__1700035_20180124121733_20180126092025_prevedeno.txt -> corpora_selected_conllu/SupAdmCo/0061_8As__1700035_20180124121733_20180126092025_prevedeno.conllu
parse corpora_selected_txt/SupAdmCo/0010_8As__120_20130926064213_prevedeno.txt -> corpora_selected_conllu/SupAdmCo/0010_8As__120_20130926064213_prevedeno.conllu
parse corpora_selected_txt/SupAdmCo/0009_8Ans_130_20131101100246_prevedeno.txt -> corpora_selected_conllu/SupAdmCo/0009_8Ans_130_20131101100246_prevedeno.conllu
parse corpora_selected_txt/SupAdmCo/0033_7As__0400055A_prevedeno.txt -> corpora_selected_conllu/SupAdmCo/0033_7As__0400055A_prevedeno.conllu
parse corpora_selected_txt/SupAdmCo/0013_7As__1700045_20171102091836_prevedeno.txt -> corpora_selected_conllu/SupAdmCo/0013_7As__1700045_20171102091836_prevedeno.conllu
parse corpora_selected_txt/SupAdmCo/0106_7As__1500067_20150817082732_prevedeno.txt -> corpora_selected_conllu/SupAdmCo/0106_7As__1500067_20150817082732_prevedeno.conllu
parse corpora_selected_txt/SupAdmCo/0034_5Afs_1200002_prevedeno.txt -> corpora_selected_conllu/SupAdmCo/0034_5Afs_1200002_prevedeno.conllu
parse corpora_selected_txt/SupAdmCo/0146_7Afs_0500063A_prevedeno.txt -> corpora_selected_conllu/SupAdmCo/0146_7Afs_0500063A_prevedeno.conllu
parse corpora_selected_txt/SupAdmCo/0207_6Azs_0400059A_prevedeno.txt -> corpora_selected_conllu/SupAdmCo/0207_6Azs_0400059A_prevedeno.conllu
parse corpora_selected_txt/SupAdmCo/0018_6Azs_13_20131118165818_prevedeno.txt -> corpora_selected_conllu/SupAdmCo/0018_6Azs_13_20131118165818_prevedeno.conllu
parse corpora_selected_txt/SupAdmCo/0027_6As__100_20110405033033_prevedeno.txt -> corpora_selected_conllu/SupAdmCo/0027_6As__100_20110405033033_prevedeno.conllu
parse corpora_selected_txt/SupAdmCo/0015_6Ads_1300014_20180208134818_20180413122113_prevedeno.txt -> corpora_selected_conllu/SupAdmCo/0015_6Ads_1300014_20180208134818_20180413122113_prevedeno.conllu
parse corpora_selected_txt/SupAdmCo/0139_6Ads_110_20120103024034_prevedeno.txt -> corpora_selected_conllu/SupAdmCo/0139_6Ads_110_20120103024034_prevedeno.conllu
parse corpora_selected_txt/SupAdmCo/0078_5Azs_1800021_20180801160433_20180802132048_prevedeno.txt -> corpora_selected_conllu/SupAdmCo/0078_5Azs_1800021_20180801160433_20180802132048_prevedeno.conllu
parse corpora_selected_txt/SupAdmCo/0006_5Azs_1000_efbb1338_1608_4a21_957d_36ac519b7c77_prevedeno.txt -> corpora_selected_conllu/SupAdmCo/0006_5Azs_1000_efbb1338_1608_4a21_957d_36ac519b7c77_prevedeno.conllu
parse corpora_selected_txt/SupAdmCo/0008_5As__0600059A_prevedeno.txt -> corpora_selected_conllu/SupAdmCo/0008_5As__0600059A_prevedeno.conllu
parse corpora_selected_txt/SupAdmCo/0059_5As__120_20120626011623_prevedeno.txt -> corpora_selected_conllu/SupAdmCo/0059_5As__120_20120626011623_prevedeno.conllu
parse corpora_selected_txt/SupAdmCo/0057_5As__130_20131011132952_prevedeno.txt -> corpora_selected_conllu/SupAdmCo/0057_5As__130_20131011132952_prevedeno.conllu
parse corpora_selected_txt/SupAdmCo/0041_5As__1500035_20160607093855_prevedeno.txt -> corpora_selected_conllu/SupAdmCo/0041_5As__1500035_20160607093855_prevedeno.conllu
parse corpora_selected_txt/SupAdmCo/0003_5As__1600020_20160425135513_prevedeno.txt -> corpora_selected_conllu/SupAdmCo/0003_5As__1600020_20160425135513_prevedeno.conllu
parse corpora_selected_txt/SupAdmCo/0020_5As__0900_0aca9b7b_dd63_4d0b_914c_4d832caeb3a9_prevedeno.txt -> corpora_selected_conllu/SupAdmCo/0020_5As__0900_0aca9b7b_dd63_4d0b_914c_4d832caeb3a9_prevedeno.conllu
parse corpora_selected_txt/SupAdmCo/0019_5As__100_20110316023602_prevedeno.txt -> corpora_selected_conllu/SupAdmCo/0019_5As__100_20110316023602_prevedeno.conllu
parse corpora_selected_txt/SupAdmCo/0110_5As__130_20140220080930_prevedeno.txt -> corpora_selected_conllu/SupAdmCo/0110_5As__130_20140220080930_prevedeno.conllu
parse corpora_selected_txt/SupAdmCo/0001_5As__0900051A_prevedeno.txt -> corpora_selected_conllu/SupAdmCo/0001_5As__0900051A_prevedeno.conllu
parse corpora_selected_txt/SupAdmCo/0004_5Aps_11_20111003095507_prevedeno.txt -> corpora_selected_conllu/SupAdmCo/0004_5Aps_11_20111003095507_prevedeno.conllu
parse corpora_selected_txt/SupAdmCo/0007_5Ans_130_20131205101157_prevedeno.txt -> corpora_selected_conllu/SupAdmCo/0007_5Ans_130_20131205101157_prevedeno.conllu
parse corpora_selected_txt/SupAdmCo/0083_5Afs_0700054_20180319105944_20180423160023_prevedeno.txt -> corpora_selected_conllu/SupAdmCo/0083_5Afs_0700054_20180319105944_20180423160023_prevedeno.conllu
parse corpora_selected_txt/SupAdmCo/0060_5Afs_1700060_20180205134356_20180207104017_prevedeno.txt -> corpora_selected_conllu/SupAdmCo/0060_5Afs_1700060_20180205134356_20180207104017_prevedeno.conllu
parse corpora_selected_txt/SupAdmCo/0039_5Afs_110_20120228095443_prevedeno.txt -> corpora_selected_conllu/SupAdmCo/0039_5Afs_110_20120228095443_prevedeno.conllu
parse corpora_selected_txt/SupAdmCo/0037_5Afs_0800071A_prevedeno.txt -> corpora_selected_conllu/SupAdmCo/0037_5Afs_0800071A_prevedeno.conllu
parse corpora_selected_txt/SupAdmCo/0013_5Afs_1300030_20150305102408_prevedeno.txt -> corpora_selected_conllu/SupAdmCo/0013_5Afs_1300030_20150305102408_prevedeno.conllu
parse corpora_selected_txt/SupAdmCo/0128_5Afs_130_20140214135346_prevedeno.txt -> corpora_selected_conllu/SupAdmCo/0128_5Afs_130_20140214135346_prevedeno.conllu
parse corpora_selected_txt/SupAdmCo/0011_5Afs_0600077A_prevedeno.txt -> corpora_selected_conllu/SupAdmCo/0011_5Afs_0600077A_prevedeno.conllu
parse corpora_selected_txt/SupAdmCo/0109_5Afs_1500035_20160608083135_prevedeno.txt -> corpora_selected_conllu/SupAdmCo/0109_5Afs_1500035_20160608083135_prevedeno.conllu
parse corpora_selected_txt/SupAdmCo/0094_4As__140_20140514153114_prevedeno.txt -> corpora_selected_conllu/SupAdmCo/0094_4As__140_20140514153114_prevedeno.conllu
parse corpora_selected_txt/SupAdmCo/0040_4As__0800050A_prevedeno.txt -> corpora_selected_conllu/SupAdmCo/0040_4As__0800050A_prevedeno.conllu
parse corpora_selected_txt/SupAdmCo/0017_4As__1300001_prevedeno.txt -> corpora_selected_conllu/SupAdmCo/0017_4As__1300001_prevedeno.conllu
parse corpora_selected_txt/SupAdmCo/0010_4As__140_20140224154630_prevedeno.txt -> corpora_selected_conllu/SupAdmCo/0010_4As__140_20140224154630_prevedeno.conllu
parse corpora_selected_txt/SupAdmCo/0009_4Ads_1100_20110412095125_prevedeno.txt -> corpora_selected_conllu/SupAdmCo/0009_4Ads_1100_20110412095125_prevedeno.conllu
parse corpora_selected_txt/SupAdmCo/0048_4Ads_1200_20120919102148_prevedeno.txt -> corpora_selected_conllu/SupAdmCo/0048_4Ads_1200_20120919102148_prevedeno.conllu
parse corpora_selected_txt/SupAdmCo/0048_4Ads_1000_d0049282_38bb_4175_ac38_9d3ffb241337_prevedeno.txt -> corpora_selected_conllu/SupAdmCo/0048_4Ads_1000_d0049282_38bb_4175_ac38_9d3ffb241337_prevedeno.conllu
parse corpora_selected_txt/SupAdmCo/0156_4Ads_1400029_20140918075555_prevedeno.txt -> corpora_selected_conllu/SupAdmCo/0156_4Ads_1400029_20140918075555_prevedeno.conllu
parse corpora_selected_txt/SupAdmCo/0001_3Azs_110_20110214091930_prevedeno.txt -> corpora_selected_conllu/SupAdmCo/0001_3Azs_110_20110214091930_prevedeno.conllu
parse corpora_selected_txt/SupAdmCo/0228_3As__1600033_20161103131212_prevedeno.txt -> corpora_selected_conllu/SupAdmCo/0228_3As__1600033_20161103131212_prevedeno.conllu
parse corpora_selected_txt/SupAdmCo/0208_3As__1500024_20160104145407_prevedeno.txt -> corpora_selected_conllu/SupAdmCo/0208_3As__1500024_20160104145407_prevedeno.conllu
parse corpora_selected_txt/SupAdmCo/0057_3Ads_1000_7333fb42_b1a1_4627_915c_bec7f218d675_prevedeno.txt -> corpora_selected_conllu/SupAdmCo/0057_3Ads_1000_7333fb42_b1a1_4627_915c_bec7f218d675_prevedeno.conllu
parse corpora_selected_txt/SupAdmCo/0122_3Ads_120_20131107140817_prevedeno.txt -> corpora_selected_conllu/SupAdmCo/0122_3Ads_120_20131107140817_prevedeno.conllu
parse corpora_selected_txt/SupAdmCo/0101_3Ads_1300023_20180327141155_20180329144051_prevedeno.txt -> corpora_selected_conllu/SupAdmCo/0101_3Ads_1300023_20180327141155_20180329144051_prevedeno.conllu
parse corpora_selected_txt/SupAdmCo/0009_2Azs_1600022_20180205140648_20180301100014_prevedeno.txt -> corpora_selected_conllu/SupAdmCo/0009_2Azs_1600022_20180205140648_20180301100014_prevedeno.conllu
parse corpora_selected_txt/SupAdmCo/0008_2Azs_13_20130826105342_prevedeno.txt -> corpora_selected_conllu/SupAdmCo/0008_2Azs_13_20130826105342_prevedeno.conllu
parse corpora_selected_txt/SupAdmCo/0018_2Azs_13_20131218112003_prevedeno.txt -> corpora_selected_conllu/SupAdmCo/0018_2Azs_13_20131218112003_prevedeno.conllu
parse corpora_selected_txt/SupAdmCo/0145_2Azs_0600050A_prevedeno.txt -> corpora_selected_conllu/SupAdmCo/0145_2Azs_0600050A_prevedeno.conllu
parse corpora_selected_txt/SupAdmCo/0078_2As__140_20140731094852_prevedeno.txt -> corpora_selected_conllu/SupAdmCo/0078_2As__140_20140731094852_prevedeno.conllu
parse corpora_selected_txt/SupAdmCo/0301_2As__1700032_20180315153757_20180316080034_prevedeno.txt -> corpora_selected_conllu/SupAdmCo/0301_2As__1700032_20180315153757_20180316080034_prevedeno.conllu
parse corpora_selected_txt/SupAdmCo/0020_2As__1400028_20141121101319_prevedeno.txt -> corpora_selected_conllu/SupAdmCo/0020_2As__1400028_20141121101319_prevedeno.conllu
parse corpora_selected_txt/SupAdmCo/0015_9Ans_1200001_prevedeno.txt -> corpora_selected_conllu/SupAdmCo/0015_9Ans_1200001_prevedeno.conllu
parse corpora_selected_txt/SupAdmCo/0077_2Afs_090_20101102092811_prevedeno.txt -> corpora_selected_conllu/SupAdmCo/0077_2Afs_090_20101102092811_prevedeno.conllu
parse corpora_selected_txt/SupAdmCo/0043_2Afs_0500090A_prevedeno.txt -> corpora_selected_conllu/SupAdmCo/0043_2Afs_0500090A_prevedeno.conllu
parse corpora_selected_txt/SupAdmCo/0038_5Afs_1200006_prevedeno.txt -> corpora_selected_conllu/SupAdmCo/0038_5Afs_1200006_prevedeno.conllu
parse corpora_selected_txt/SupAdmCo/0142_2Afs_0600059A_prevedeno.txt -> corpora_selected_conllu/SupAdmCo/0142_2Afs_0600059A_prevedeno.conllu
parse corpora_selected_txt/SupAdmCo/002010As__1700049_20171229082658_20180104130027_prevedeno.txt -> corpora_selected_conllu/SupAdmCo/002010As__1700049_20171229082658_20180104130027_prevedeno.conllu
parse corpora_selected_txt/SupAdmCo/0077_1As__13_20130930110526_prevedeno.txt -> corpora_selected_conllu/SupAdmCo/0077_1As__13_20130930110526_prevedeno.conllu
parse corpora_selected_txt/SupAdmCo/0060_1Afs_130_20130905085238_prevedeno.txt -> corpora_selected_conllu/SupAdmCo/0060_1Afs_130_20130905085238_prevedeno.conllu
parse corpora_selected_txt/SupAdmCo/0046_1Afs_100_20101119092414_prevedeno.txt -> corpora_selected_conllu/SupAdmCo/0046_1Afs_100_20101119092414_prevedeno.conllu
parse corpora_selected_txt/SupAdmCo/0086_0Vol_130_20130222084306_prevedeno.txt -> corpora_selected_conllu/SupAdmCo/0086_0Vol_130_20130222084306_prevedeno.conllu
parse corpora_selected_txt/SupAdmCo/0040_0Vol_1000018A_prevedeno.txt -> corpora_selected_conllu/SupAdmCo/0040_0Vol_1000018A_prevedeno.conllu
parse corpora_selected_txt/SupAdmCo/0009_0Pst_0800034A_prevedeno.txt -> corpora_selected_conllu/SupAdmCo/0009_0Pst_0800034A_prevedeno.conllu
parse corpora_selected_txt/SupAdmCo/0031_0Nao_0300016_20160318123419_prevedeno.txt -> corpora_selected_conllu/SupAdmCo/0031_0Nao_0300016_20160318123419_prevedeno.conllu
parse corpora_selected_txt/SupAdmCo/0023_0Nad_140_20140307180817_prevedeno.txt -> corpora_selected_conllu/SupAdmCo/0023_0Nad_140_20140307180817_prevedeno.conllu
parse corpora_selected_txt/SupAdmCo/0056_0Konf100_20101119042822_prevedeno.txt -> corpora_selected_conllu/SupAdmCo/0056_0Konf100_20101119042822_prevedeno.conllu
parse corpora_selected_txt/SupAdmCo/0018_9Azs_13_20131101094509_prevedeno.txt -> corpora_selected_conllu/SupAdmCo/0018_9Azs_13_20131101094509_prevedeno.conllu
parse corpora_selected_txt/SupAdmCo/0176_9Azs_1700020_20180130203025_20180205084018_prevedeno.txt -> corpora_selected_conllu/SupAdmCo/0176_9Azs_1700020_20180130203025_20180205084018_prevedeno.conllu
parse corpora_selected_txt/SupAdmCo/0162_9Azs_0700061A_prevedeno.txt -> corpora_selected_conllu/SupAdmCo/0162_9Azs_0700061A_prevedeno.conllu
parse corpora_selected_txt/SupAdmCo/0094_8Azs_0600063A_prevedeno.txt -> corpora_selected_conllu/SupAdmCo/0094_8Azs_0600063A_prevedeno.conllu
parse corpora_selected_txt/SupAdmCo/0326_7Azs_0400055A_prevedeno.txt -> corpora_selected_conllu/SupAdmCo/0326_7Azs_0400055A_prevedeno.conllu
parse corpora_selected_txt/SupAdmCo/0221_7Azs_1600010_20161101094210_prevedeno.txt -> corpora_selected_conllu/SupAdmCo/0221_7Azs_1600010_20161101094210_prevedeno.conllu
parse corpora_selected_txt/SupAdmCo/0096_7As__100_20110209090145_prevedeno.txt -> corpora_selected_conllu/SupAdmCo/0096_7As__100_20110209090145_prevedeno.conllu
parse corpora_selected_txt/SupAdmCo/0149_7Ads_1700018_20170703094529_prevedeno.txt -> corpora_selected_conllu/SupAdmCo/0149_7Ads_1700018_20170703094529_prevedeno.conllu
parse corpora_selected_txt/SupAdmCo/0031_6Azs_0500052A_prevedeno.txt -> corpora_selected_conllu/SupAdmCo/0031_6Azs_0500052A_prevedeno.conllu
parse corpora_selected_txt/SupAdmCo/0274_6Azs_0500062A_prevedeno.txt -> corpora_selected_conllu/SupAdmCo/0274_6Azs_0500062A_prevedeno.conllu
parse corpora_selected_txt/SupAdmCo/0002_6Azs_0500045A_prevedeno.txt -> corpora_selected_conllu/SupAdmCo/0002_6Azs_0500045A_prevedeno.conllu
parse corpora_selected_txt/SupAdmCo/0165_6Azs_0500041A_prevedeno.txt -> corpora_selected_conllu/SupAdmCo/0165_6Azs_0500041A_prevedeno.conllu
parse corpora_selected_txt/SupAdmCo/0110_6Azs_0400075A_prevedeno.txt -> corpora_selected_conllu/SupAdmCo/0110_6Azs_0400075A_prevedeno.conllu
parse corpora_selected_txt/SupAdmCo/0081_6As__1300017_20180212164533_20180411140014_prevedeno.txt -> corpora_selected_conllu/SupAdmCo/0081_6As__1300017_20180212164533_20180411140014_prevedeno.conllu
parse corpora_selected_txt/SupAdmCo/0017_6As__13_20131022161042_prevedeno.txt -> corpora_selected_conllu/SupAdmCo/0017_6As__13_20131022161042_prevedeno.conllu
parse corpora_selected_txt/SupAdmCo/0006_6Ans_1000160A_prevedeno.txt -> corpora_selected_conllu/SupAdmCo/0006_6Ans_1000160A_prevedeno.conllu
parse corpora_selected_txt/SupAdmCo/0049_6Ads_140_20140422103640_prevedeno.txt -> corpora_selected_conllu/SupAdmCo/0049_6Ads_140_20140422103640_prevedeno.conllu
parse corpora_selected_txt/SupAdmCo/0006_6A___0200065A_prevedeno.txt -> corpora_selected_conllu/SupAdmCo/0006_6A___0200065A_prevedeno.conllu
parse corpora_selected_txt/SupAdmCo/0025_6A___0000_b4d84217_1ba3_413b_9dc8_ce41ee04f527_prevedeno.txt -> corpora_selected_conllu/SupAdmCo/0025_6A___0000_b4d84217_1ba3_413b_9dc8_ce41ee04f527_prevedeno.conllu
parse corpora_selected_txt/SupAdmCo/0091_5Azs_0500047A_prevedeno.txt -> corpora_selected_conllu/SupAdmCo/0091_5Azs_0500047A_prevedeno.conllu
parse corpora_selected_txt/SupAdmCo/0049_5Afs_0400038A_prevedeno.txt -> corpora_selected_conllu/SupAdmCo/0049_5Afs_0400038A_prevedeno.conllu
parse corpora_selected_txt/SupAdmCo/0155_5Afs_0600090A_prevedeno.txt -> corpora_selected_conllu/SupAdmCo/0155_5Afs_0600090A_prevedeno.conllu
parse corpora_selected_txt/SupAdmCo/0151_5Afs_0700123A_prevedeno.txt -> corpora_selected_conllu/SupAdmCo/0151_5Afs_0700123A_prevedeno.conllu
parse corpora_selected_txt/SupAdmCo/0014_5A___0200035A_prevedeno.txt -> corpora_selected_conllu/SupAdmCo/0014_5A___0200035A_prevedeno.conllu
parse corpora_selected_txt/SupAdmCo/0170_4Azs_0500041A_prevedeno.txt -> corpora_selected_conllu/SupAdmCo/0170_4Azs_0500041A_prevedeno.conllu
parse corpora_selected_txt/SupAdmCo/0095_4Afs_1600036_20160719134811_prevedeno.txt -> corpora_selected_conllu/SupAdmCo/0095_4Afs_1600036_20160719134811_prevedeno.conllu
parse corpora_selected_txt/SupAdmCo/0074_4Ads_0600040A_prevedeno.txt -> corpora_selected_conllu/SupAdmCo/0074_4Ads_0600040A_prevedeno.conllu
parse corpora_selected_txt/SupAdmCo/0066_4Ads_0400024A_prevedeno.txt -> corpora_selected_conllu/SupAdmCo/0066_4Ads_0400024A_prevedeno.conllu
parse corpora_selected_txt/SupAdmCo/0050_4Ads_0400051A_prevedeno.txt -> corpora_selected_conllu/SupAdmCo/0050_4Ads_0400051A_prevedeno.conllu
parse corpora_selected_txt/SupAdmCo/0010_4Ads_0700054A_prevedeno.txt -> corpora_selected_conllu/SupAdmCo/0010_4Ads_0700054A_prevedeno.conllu
parse corpora_selected_txt/SupAdmCo/0177_3Azs_0500074A_prevedeno.txt -> corpora_selected_conllu/SupAdmCo/0177_3Azs_0500074A_prevedeno.conllu
parse corpora_selected_txt/SupAdmCo/0169_3Azs_0600072A_prevedeno.txt -> corpora_selected_conllu/SupAdmCo/0169_3Azs_0600072A_prevedeno.conllu
parse corpora_selected_txt/SupAdmCo/0098_3As__120_20130321122505_prevedeno.txt -> corpora_selected_conllu/SupAdmCo/0098_3As__120_20130321122505_prevedeno.conllu
parse corpora_selected_txt/SupAdmCo/0062_3As__0700156A_prevedeno.txt -> corpora_selected_conllu/SupAdmCo/0062_3As__0700156A_prevedeno.conllu
parse corpora_selected_txt/SupAdmCo/0040_3As__1600049_20170124092939_prevedeno.txt -> corpora_selected_conllu/SupAdmCo/0040_3As__1600049_20170124092939_prevedeno.conllu
parse corpora_selected_txt/SupAdmCo/0001_3Ans_0700141A_prevedeno.txt -> corpora_selected_conllu/SupAdmCo/0001_3Ans_0700141A_prevedeno.conllu
parse corpora_selected_txt/SupAdmCo/0144_3Ads_0700055A_prevedeno.txt -> corpora_selected_conllu/SupAdmCo/0144_3Ads_0700055A_prevedeno.conllu
parse corpora_selected_txt/SupAdmCo/0002_2Aps_0400069A_prevedeno.txt -> corpora_selected_conllu/SupAdmCo/0002_2Aps_0400069A_prevedeno.conllu
parse corpora_selected_txt/SupAdmCo/0095_2Afs_0500110A_prevedeno.txt -> corpora_selected_conllu/SupAdmCo/0095_2Afs_0500110A_prevedeno.conllu
parse corpora_selected_txt/SupAdmCo/0027_2Afs_0300055A_prevedeno.txt -> corpora_selected_conllu/SupAdmCo/0027_2Afs_0300055A_prevedeno.conllu
parse corpora_selected_txt/SupAdmCo/0046_1As__1400036A_prevedeno.txt -> corpora_selected_conllu/SupAdmCo/0046_1As__1400036A_prevedeno.conllu
parse corpora_selected_txt/SupAdmCo/0044_1Afs_0600077A_prevedeno.txt -> corpora_selected_conllu/SupAdmCo/0044_1Afs_0600077A_prevedeno.conllu
